<?xml version="1.0" encoding="UTF-8"?>
<Site BuildName="Linux-c++"
	BuildStamp="20250513-0838-Experimental"
	Name="b9982e7db0d2"
	Generator="ctest-3.18.4"
	CompilerName="/usr/bin/c++"
	CompilerVersion="10.2.1"
	OSName="Linux"
	Hostname="b9982e7db0d2"
	OSRelease="5.15.167.4-microsoft-standard-WSL2"
	OSVersion="#1 SMP Tue Nov 5 00:21:55 UTC 2024"
	OSPlatform="x86_64"
	Is64Bits="1"
	VendorString="AuthenticAMD"
	VendorID="Advanced Micro Devices"
	FamilyID="25"
	ModelID="116"
	ProcessorCacheSize="1024"
	NumberOfLogicalCPU="16"
	NumberOfPhysicalCPU="8"
	TotalVirtualMemory="2048"
	TotalPhysicalMemory="7594"
	LogicalProcessorsPerPhysical="2"
	ProcessorClockFrequency="3293.6"
	>
	<Testing>
		<StartDateTime>May 13 09:42 UTC</StartDateTime>
		<StartTestTime>1747129349</StartTestTime>
		<TestList/>
		<EndDateTime>May 13 09:42 UTC</EndDateTime>
		<EndTestTime>1747129349</EndTestTime>
		<ElapsedMinutes>0</ElapsedMinutes>
	</Testing>
</Site>
